optseq2
7.3.2
NoSearch  = 0
nSearch  = 100
nKeep    = 10
PctUpdate  = 10.000000
nCB1Opt  = 0
seed     = 464687
Ntp  = 225
TR   = 1.6
TPreScan   = 0
PSD Window   = 0 17.6 1.6
nEvTypes = 13
EvNo    Label Duration nRepsNom
 1       dur0  0.000    3
 2       dur2  1.600    3
 3       dur4  1.600    3
 4       dur8  1.600    3
 5      dur16  1.600    3
 6      dur32  1.600    3
 7      dur64  1.600    3
 8       isi2  1.600    3
 9       isi4  1.600    3
10       isi8  1.600    3
11      isi16  1.600    3
12      isi32  1.600    3
13      isi64  1.600    3
PctVarEvReps = 0
VarEvRepsPerCond = 0
PolyOrder = -1
tNullMax = -1
tNullMin = 0
AR1 = 0
No refractory penalty
Cost = eff
OutStem = ex2
Summary File = ex2.sum

Pct nSrch MinSrch Cost Eff Cb1Err VRFAvg VRFStd VRFMin VRFMax VRFRange nSince

BeginUpdateLog
 1       1     0.0   0.00528796  0.00528796  1.5602  1.00836  0.556536  0.243071  3  2.75693 1347.68 0
10      11     0.0   0.0095405  0.0095405  1.5720  1.45806  0.362686  0.666384  2.30173  1.63535 1235.34 0
10      11     0.0   0.0095405  0.0095405  1.5720  1.45806  0.362686  0.666384  2.30173  1.63535 1235.34 0
11      12     0.0   0.0095405  0.0095405  1.5720  1.45806  0.362686  0.666384  2.30173  1.63535 1235.34 0
11      12     0.0   0.0095405  0.0095405  1.5720  1.45806  0.362686  0.666384  2.30173  1.63535 1235.34 0
12      12     0.0   0.0095405  0.0095405  1.5720  1.45806  0.362686  0.666384  2.30173  1.63535 1235.34 0
12      13     0.0   0.0095405  0.0095405  1.5720  1.45806  0.362686  0.666384  2.30173  1.63535 1235.34 0
12      13     0.0   0.0095405  0.0095405  1.5720  1.45806  0.362686  0.666384  2.30173  1.63535 1235.34 0
14      15     0.0   0.0095405  0.0095405  1.5720  1.45806  0.362686  0.666384  2.30173  1.63535 1235.34 1
14      15     0.0   0.0095405  0.0095405  1.5720  1.45806  0.362686  0.666384  2.30173  1.63535 1235.34 0
15      16     0.0   0.0095405  0.0095405  1.5720  1.45806  0.362686  0.666384  2.30173  1.63535 1235.34 0
15      16     0.0   0.0095405  0.0095405  1.5720  1.45806  0.362686  0.666384  2.30173  1.63535 1235.34 0
18      19     0.0   0.0095405  0.0095405  1.5720  1.45806  0.362686  0.666384  2.30173  1.63535 1235.34 2
18      19     0.0   0.0095405  0.0095405  1.5720  1.45806  0.362686  0.666384  2.30173  1.63535 1235.34 0
21      22     0.0   0.0095405  0.0095405  1.5720  1.45806  0.362686  0.666384  2.30173  1.63535 1235.34 2
21      22     0.0   0.0095405  0.0095405  1.5720  1.45806  0.362686  0.666384  2.30173  1.63535 1235.34 0
23      23     0.0   0.0095405  0.0095405  1.5720  1.45806  0.362686  0.666384  2.30173  1.63535 1235.34 1
23      24     0.0   0.0095405  0.0095405  1.5720  1.45806  0.362686  0.666384  2.30173  1.63535 1235.34 1
23      24     0.0   0.0095405  0.0095405  1.5720  1.45806  0.362686  0.666384  2.30173  1.63535 1235.34 0
24      25     0.0   0.0095405  0.0095405  1.5720  1.45806  0.362686  0.666384  2.30173  1.63535 1235.34 0
24      25     0.0   0.0095405  0.0095405  1.5720  1.45806  0.362686  0.666384  2.30173  1.63535 1235.34 0
29      30     0.0   0.0095405  0.0095405  1.5720  1.45806  0.362686  0.666384  2.30173  1.63535 1235.34 4
29      30     0.0   0.0095405  0.0095405  1.5720  1.45806  0.362686  0.666384  2.30173  1.63535 1235.34 0
33      34     0.0   0.0095405  0.0095405  1.5720  1.45806  0.362686  0.666384  2.30173  1.63535 1235.34 3
33      34     0.0   0.0095405  0.0095405  1.5720  1.45806  0.362686  0.666384  2.30173  1.63535 1235.34 0
34      34     0.0   0.0095405  0.0095405  1.5720  1.45806  0.362686  0.666384  2.30173  1.63535 1235.34 0
42      43     0.0   0.0095405  0.0095405  1.5720  1.45806  0.362686  0.666384  2.30173  1.63535 1235.34 8
42      43     0.0   0.0095405  0.0095405  1.5720  1.45806  0.362686  0.666384  2.30173  1.63535 1235.34 0
45      45     0.0   0.0095405  0.0095405  1.5720  1.45806  0.362686  0.666384  2.30173  1.63535 1235.34 2
45      46     0.0   0.0095405  0.0095405  1.5720  1.45806  0.362686  0.666384  2.30173  1.63535 1235.34 2
45      46     0.0   0.0095405  0.0095405  1.5720  1.45806  0.362686  0.666384  2.30173  1.63535 1235.34 0
48      49     0.0   0.0095405  0.0095405  1.5720  1.45806  0.362686  0.666384  2.30173  1.63535 1235.34 2
48      49     0.0   0.0095405  0.0095405  1.5720  1.45806  0.362686  0.666384  2.30173  1.63535 1235.34 0
52      53     0.0   0.0095405  0.0095405  1.5720  1.45806  0.362686  0.666384  2.30173  1.63535 1235.34 3
52      53     0.0   0.0095405  0.0095405  1.5720  1.45806  0.362686  0.666384  2.30173  1.63535 1235.34 0
54      55     0.0   0.0095405  0.0095405  1.5720  1.45806  0.362686  0.666384  2.30173  1.63535 1235.34 1
54      55     0.0   0.0095405  0.0095405  1.5720  1.45806  0.362686  0.666384  2.30173  1.63535 1235.34 0
56      56     0.0   0.0095405  0.0095405  1.5720  1.45806  0.362686  0.666384  2.30173  1.63535 1235.34 1
56      57     0.0   0.0095405  0.0095405  1.5720  1.45806  0.362686  0.666384  2.30173  1.63535 1235.34 1
56      57     0.0   0.0095405  0.0095405  1.5720  1.45806  0.362686  0.666384  2.30173  1.63535 1235.34 0
62      63     0.0   0.0095405  0.0095405  1.5720  1.45806  0.362686  0.666384  2.30173  1.63535 1235.34 5
62      63     0.0   0.0095405  0.0095405  1.5720  1.45806  0.362686  0.666384  2.30173  1.63535 1235.34 0
65      66     0.0   0.0095405  0.0095405  1.5720  1.45806  0.362686  0.666384  2.30173  1.63535 1235.34 2
65      66     0.0   0.0095405  0.0095405  1.5720  1.45806  0.362686  0.666384  2.30173  1.63535 1235.34 0
67      67     0.0   0.0095405  0.0095405  1.5720  1.45806  0.362686  0.666384  2.30173  1.63535 1235.34 1
75      76     0.0   0.0095405  0.0095405  1.5720  1.45806  0.362686  0.666384  2.30173  1.63535 1235.34 9
75      76     0.0   0.0095405  0.0095405  1.5720  1.45806  0.362686  0.666384  2.30173  1.63535 1235.34 0
78      78     0.0   0.0095405  0.0095405  1.5720  1.45806  0.362686  0.666384  2.30173  1.63535 1235.34 2
79      80     0.0   0.0095405  0.0095405  1.5720  1.45806  0.362686  0.666384  2.30173  1.63535 1235.34 3
79      80     0.0   0.0095405  0.0095405  1.5720  1.45806  0.362686  0.666384  2.30173  1.63535 1235.34 0
89      89     0.0   0.0095405  0.0095405  1.5720  1.45806  0.362686  0.666384  2.30173  1.63535 1235.34 9
98      99     0.0   0.0095405  0.0095405  1.5720  1.45806  0.362686  0.666384  2.30173  1.63535 1235.34 18
98      99     0.0   0.0095405  0.0095405  1.5720  1.45806  0.362686  0.666384  2.30173  1.63535 1235.34 0
99     100     0.0   0.0095405  0.0095405  1.5720  1.45806  0.362686  0.666384  2.30173  1.63535 1235.34 0
99     100     0.0   0.0095405  0.0095405  1.5720  1.45806  0.362686  0.666384  2.30173  1.63535 1235.34 0
100     100     0.0   0.0095405  0.0095405  1.5720  1.45806  0.362686  0.666384  2.30173  1.63535 1235.34 0
100     100     0.0   0.0095405  0.0095405  1.5720  1.45806  0.362686  0.666384  2.30173  1.63535 1235.34 0
EndUpdateLog

Done
