optseq2
7.3.2
NoSearch  = 0
tSearch  = 12 hours
nKeep    = 15
PctUpdate  = 10.000000
nCB1Opt  = 0
seed     = 912142
Ntp  = 200
TR   = 1.6
TPreScan   = 0
PSD Window   = 0 12.8 1.6
nEvTypes = 13
EvNo    Label Duration nRepsNom
 1      dur_0  4.800    3
 2      dur_2  4.800    3
 3      dur_4  4.800    3
 4      dur_8  4.800    3
 5     dur_16  4.800    3
 6     dur_32  4.800    3
 7     dur_64  4.800    3
 8      isi_2  4.800    3
 9      isi_4  4.800    3
10      isi_8  4.800    3
11     isi_16  4.800    3
12     isi_32  4.800    3
13     isi_64  4.800    3
PctVarEvReps = 0
VarEvRepsPerCond = 0
PolyOrder = -1
tNullMax = -1
tNullMin = 0
AR1 = 0
No refractory penalty
Cost = eff
OutStem = tr-200_min-3_tsearch-12
Summary File = tr-200_min-3_tsearch-12.sum

Pct nSrch MinSrch Cost Eff Cb1Err VRFAvg VRFStd VRFMin VRFMax VRFRange nSince

BeginUpdateLog
 0       1     0.0   0.0179588  0.0179588  1.5365  1.96731  0.424318  1.03786  3  1.96214 433.359 0
 0      16     0.0   0.018444  0.018444  1.5483  1.99461  0.396254  1.05233  3  1.94767 439.081 0
 0      16     0.0   0.018444  0.018444  1.5483  1.99461  0.396254  1.05233  3  1.94767 439.081 0
 0      17     0.0   0.018444  0.018444  1.5483  1.99461  0.396254  1.05233  3  1.94767 439.081 0
 0      17     0.0   0.018444  0.018444  1.5483  1.99461  0.396254  1.05233  3  1.94767 439.081 0
 0      19     0.0   0.018444  0.018444  1.5483  1.99461  0.396254  1.05233  3  1.94767 439.081 1
 0      19     0.0   0.018444  0.018444  1.5483  1.99461  0.396254  1.05233  3  1.94767 439.081 0
 0      21     0.0   0.018444  0.018444  1.5483  1.99461  0.396254  1.05233  3  1.94767 439.081 1
 0      21     0.0   0.0186141  0.0186141  1.5838  2.00964  0.380924  1.09616  3  1.90384 426.8 0
 0      23     0.0   0.0186141  0.0186141  1.5838  2.00964  0.380924  1.09616  3  1.90384 426.8 1
 0      23     0.0   0.0186141  0.0186141  1.5838  2.00964  0.380924  1.09616  3  1.90384 426.8 0
 0      27     0.0   0.0186141  0.0186141  1.5838  2.00964  0.380924  1.09616  3  1.90384 426.8 3
 0      27     0.0   0.0186141  0.0186141  1.5838  2.00964  0.380924  1.09616  3  1.90384 426.8 0
 0      29     0.0   0.0186141  0.0186141  1.5838  2.00964  0.380924  1.09616  3  1.90384 426.8 1
 0      29     0.0   0.0186141  0.0186141  1.5838  2.00964  0.380924  1.09616  3  1.90384 426.8 0
 0      32     0.0   0.0186141  0.0186141  1.5838  2.00964  0.380924  1.09616  3  1.90384 426.8 2
 0      32     0.0   0.0186141  0.0186141  1.5838  2.00964  0.380924  1.09616  3  1.90384 426.8 0
 0      43     0.0   0.0186141  0.0186141  1.5838  2.00964  0.380924  1.09616  3  1.90384 426.8 10
 0      43     0.0   0.0186141  0.0186141  1.5838  2.00964  0.380924  1.09616  3  1.90384 426.8 0
 0      47     0.0   0.0186141  0.0186141  1.5838  2.00964  0.380924  1.09616  3  1.90384 426.8 3
 0      47     0.0   0.0186141  0.0186141  1.5838  2.00964  0.380924  1.09616  3  1.90384 426.8 0
 0      53     0.0   0.0186141  0.0186141  1.5838  2.00964  0.380924  1.09616  3  1.90384 426.8 5
 0      53     0.0   0.0186141  0.0186141  1.5838  2.00964  0.380924  1.09616  3  1.90384 426.8 0
 0      61     0.0   0.0186141  0.0186141  1.5838  2.00964  0.380924  1.09616  3  1.90384 426.8 7
 0      61     0.0   0.0186141  0.0186141  1.5838  2.00964  0.380924  1.09616  3  1.90384 426.8 0
 0      62     0.0   0.0186141  0.0186141  1.5838  2.00964  0.380924  1.09616  3  1.90384 426.8 0
 0      62     0.0   0.0186141  0.0186141  1.5838  2.00964  0.380924  1.09616  3  1.90384 426.8 0
 0      63     0.0   0.0186141  0.0186141  1.5838  2.00964  0.380924  1.09616  3  1.90384 426.8 0
 0      63     0.0   0.0186141  0.0186141  1.5838  2.00964  0.380924  1.09616  3  1.90384 426.8 0
 0      68     0.0   0.0186141  0.0186141  1.5838  2.00964  0.380924  1.09616  3  1.90384 426.8 4
 0      68     0.0   0.0186141  0.0186141  1.5838  2.00964  0.380924  1.09616  3  1.90384 426.8 0
 0      72     0.0   0.0186141  0.0186141  1.5838  2.00964  0.380924  1.09616  3  1.90384 426.8 3
 0      72     0.0   0.0186141  0.0186141  1.5838  2.00964  0.380924  1.09616  3  1.90384 426.8 0
 0      75     0.0   0.0186141  0.0186141  1.5838  2.00964  0.380924  1.09616  3  1.90384 426.8 2
 0      75     0.0   0.0186141  0.0186141  1.5838  2.00964  0.380924  1.09616  3  1.90384 426.8 0
 0      76     0.0   0.0186141  0.0186141  1.5838  2.00964  0.380924  1.09616  3  1.90384 426.8 0
 0      76     0.0   0.0186141  0.0186141  1.5838  2.00964  0.380924  1.09616  3  1.90384 426.8 0
 0      77     0.0   0.0186141  0.0186141  1.5838  2.00964  0.380924  1.09616  3  1.90384 426.8 0
 0      77     0.0   0.0186409  0.0186409  1.5483  2.01398  0.398089  1.26842  3  1.73158 428.918 0
 0      92     0.0   0.0186409  0.0186409  1.5483  2.01398  0.398089  1.26842  3  1.73158 428.918 14
 0      92     0.0   0.0186409  0.0186409  1.5483  2.01398  0.398089  1.26842  3  1.73158 428.918 0
 0      96     0.0   0.0186409  0.0186409  1.5483  2.01398  0.398089  1.26842  3  1.73158 428.918 3
 0      96     0.0   0.0186409  0.0186409  1.5483  2.01398  0.398089  1.26842  3  1.73158 428.918 0
 0      97     0.0   0.0186409  0.0186409  1.5483  2.01398  0.398089  1.26842  3  1.73158 428.918 0
 0      97     0.0   0.0186409  0.0186409  1.5483  2.01398  0.398089  1.26842  3  1.73158 428.918 0
 0     143     0.0   0.0186409  0.0186409  1.5483  2.01398  0.398089  1.26842  3  1.73158 428.918 45
 0     143     0.0   0.0186409  0.0186409  1.5483  2.01398  0.398089  1.26842  3  1.73158 428.918 0
 0     144     0.0   0.0186409  0.0186409  1.5483  2.01398  0.398089  1.26842  3  1.73158 428.918 0
 0     144     0.0   0.0186409  0.0186409  1.5483  2.01398  0.398089  1.26842  3  1.73158 428.918 0
 0     149     0.0   0.0186409  0.0186409  1.5483  2.01398  0.398089  1.26842  3  1.73158 428.918 4
 0     149     0.0   0.0186409  0.0186409  1.5483  2.01398  0.398089  1.26842  3  1.73158 428.918 0
 0     157     0.0   0.0186409  0.0186409  1.5483  2.01398  0.398089  1.26842  3  1.73158 428.918 7
 0     157     0.0   0.0186409  0.0186409  1.5483  2.01398  0.398089  1.26842  3  1.73158 428.918 0
 0     167     0.0   0.0186409  0.0186409  1.5483  2.01398  0.398089  1.26842  3  1.73158 428.918 9
 0     167     0.0   0.0186409  0.0186409  1.5483  2.01398  0.398089  1.26842  3  1.73158 428.918 0
 0     178     0.0   0.0186409  0.0186409  1.5483  2.01398  0.398089  1.26842  3  1.73158 428.918 10
 0     178     0.0   0.018834  0.018834  1.5483  2.02183  0.346959  1.01675  2.66667  1.64992 450.041 0
 0     179     0.0   0.018834  0.018834  1.5483  2.02183  0.346959  1.01675  2.66667  1.64992 450.041 0
 0     179     0.0   0.018834  0.018834  1.5483  2.02183  0.346959  1.01675  2.66667  1.64992 450.041 0
 0     221     0.0   0.018834  0.018834  1.5483  2.02183  0.346959  1.01675  2.66667  1.64992 450.041 41
 0     221     0.0   0.018834  0.018834  1.5483  2.02183  0.346959  1.01675  2.66667  1.64992 450.041 0
 0     229     0.0   0.018834  0.018834  1.5483  2.02183  0.346959  1.01675  2.66667  1.64992 450.041 7
 0     229     0.0   0.018834  0.018834  1.5483  2.02183  0.346959  1.01675  2.66667  1.64992 450.041 0
 0     231     0.0   0.018834  0.018834  1.5483  2.02183  0.346959  1.01675  2.66667  1.64992 450.041 1
 0     231     0.0   0.018834  0.018834  1.5483  2.02183  0.346959  1.01675  2.66667  1.64992 450.041 0
 0     233     0.0   0.018834  0.018834  1.5483  2.02183  0.346959  1.01675  2.66667  1.64992 450.041 1
 0     233     0.0   0.018834  0.018834  1.5483  2.02183  0.346959  1.01675  2.66667  1.64992 450.041 0
 0     243     0.0   0.018834  0.018834  1.5483  2.02183  0.346959  1.01675  2.66667  1.64992 450.041 9
 0     243     0.0   0.018834  0.018834  1.5483  2.02183  0.346959  1.01675  2.66667  1.64992 450.041 0
 0     255     0.0   0.018834  0.018834  1.5483  2.02183  0.346959  1.01675  2.66667  1.64992 450.041 11
 0     255     0.0   0.018834  0.018834  1.5483  2.02183  0.346959  1.01675  2.66667  1.64992 450.041 0
 0     285     0.1   0.018834  0.018834  1.5483  2.02183  0.346959  1.01675  2.66667  1.64992 450.041 29
 0     285     0.1   0.018834  0.018834  1.5483  2.02183  0.346959  1.01675  2.66667  1.64992 450.041 0
 0     298     0.1   0.018834  0.018834  1.5483  2.02183  0.346959  1.01675  2.66667  1.64992 450.041 12
 0     298     0.1   0.0191029  0.0191029  1.5365  2.04189  0.336487  1.14348  3  1.85652 434.561 0
 0     302     0.1   0.0191029  0.0191029  1.5365  2.04189  0.336487  1.14348  3  1.85652 434.561 3
 0     302     0.1   0.0191029  0.0191029  1.5365  2.04189  0.336487  1.14348  3  1.85652 434.561 0
 0     306     0.1   0.0191029  0.0191029  1.5365  2.04189  0.336487  1.14348  3  1.85652 434.561 3
 0     306     0.1   0.0191029  0.0191029  1.5365  2.04189  0.336487  1.14348  3  1.85652 434.561 0
 0     317     0.1   0.0191029  0.0191029  1.5365  2.04189  0.336487  1.14348  3  1.85652 434.561 10
 0     317     0.1   0.0191029  0.0191029  1.5365  2.04189  0.336487  1.14348  3  1.85652 434.561 0
 0     363     0.1   0.0191029  0.0191029  1.5365  2.04189  0.336487  1.14348  3  1.85652 434.561 45
 0     363     0.1   0.0191029  0.0191029  1.5365  2.04189  0.336487  1.14348  3  1.85652 434.561 0
 0     371     0.1   0.0191029  0.0191029  1.5365  2.04189  0.336487  1.14348  3  1.85652 434.561 7
 0     371     0.1   0.0191029  0.0191029  1.5365  2.04189  0.336487  1.14348  3  1.85652 434.561 0
 0     384     0.1   0.0191029  0.0191029  1.5365  2.04189  0.336487  1.14348  3  1.85652 434.561 12
 0     384     0.1   0.0191029  0.0191029  1.5365  2.04189  0.336487  1.14348  3  1.85652 434.561 0
 0     389     0.1   0.0191029  0.0191029  1.5365  2.04189  0.336487  1.14348  3  1.85652 434.561 4
 0     389     0.1   0.0191029  0.0191029  1.5365  2.04189  0.336487  1.14348  3  1.85652 434.561 0
 0     397     0.1   0.0191029  0.0191029  1.5365  2.04189  0.336487  1.14348  3  1.85652 434.561 7
 0     397     0.1   0.0191029  0.0191029  1.5365  2.04189  0.336487  1.14348  3  1.85652 434.561 0
 0     442     0.1   0.0191029  0.0191029  1.5365  2.04189  0.336487  1.14348  3  1.85652 434.561 44
 0     442     0.1   0.0191029  0.0191029  1.5365  2.04189  0.336487  1.14348  3  1.85652 434.561 0
 0     457     0.1   0.0191029  0.0191029  1.5365  2.04189  0.336487  1.14348  3  1.85652 434.561 14
 0     457     0.1   0.0191812  0.0191812  1.5365  2.06207  0.364235  1.01307  3  1.98693 428.278 0
 0     481     0.1   0.0191812  0.0191812  1.5365  2.06207  0.364235  1.01307  3  1.98693 428.278 23
 0     481     0.1   0.0191812  0.0191812  1.5365  2.06207  0.364235  1.01307  3  1.98693 428.278 0
 0     510     0.1   0.0191812  0.0191812  1.5365  2.06207  0.364235  1.01307  3  1.98693 428.278 28
 0     510     0.1   0.0191812  0.0191812  1.5365  2.06207  0.364235  1.01307  3  1.98693 428.278 0
 0     518     0.1   0.0191812  0.0191812  1.5365  2.06207  0.364235  1.01307  3  1.98693 428.278 7
 0     518     0.1   0.0191812  0.0191812  1.5365  2.06207  0.364235  1.01307  3  1.98693 428.278 0
 0     550     0.1   0.0191812  0.0191812  1.5365  2.06207  0.364235  1.01307  3  1.98693 428.278 31
 0     550     0.1   0.0191812  0.0191812  1.5365  2.06207  0.364235  1.01307  3  1.98693 428.278 0
 0     574     0.1   0.0191812  0.0191812  1.5365  2.06207  0.364235  1.01307  3  1.98693 428.278 23
 0     574     0.1   0.0191812  0.0191812  1.5365  2.06207  0.364235  1.01307  3  1.98693 428.278 0
 0     597     0.1   0.0191812  0.0191812  1.5365  2.06207  0.364235  1.01307  3  1.98693 428.278 22
 0     597     0.1   0.0191812  0.0191812  1.5365  2.06207  0.364235  1.01307  3  1.98693 428.278 0
 0     609     0.1   0.0191812  0.0191812  1.5365  2.06207  0.364235  1.01307  3  1.98693 428.278 11
 0     609     0.1   0.0191812  0.0191812  1.5365  2.06207  0.364235  1.01307  3  1.98693 428.278 0
 0     618     0.1   0.0191812  0.0191812  1.5365  2.06207  0.364235  1.01307  3  1.98693 428.278 8
 0     618     0.1   0.0191812  0.0191812  1.5365  2.06207  0.364235  1.01307  3  1.98693 428.278 0
 0     685     0.1   0.0191812  0.0191812  1.5365  2.06207  0.364235  1.01307  3  1.98693 428.278 66
 0     685     0.1   0.0191812  0.0191812  1.5365  2.06207  0.364235  1.01307  3  1.98693 428.278 0
 0     725     0.1   0.0191812  0.0191812  1.5365  2.06207  0.364235  1.01307  3  1.98693 428.278 39
 0     725     0.1   0.0191812  0.0191812  1.5365  2.06207  0.364235  1.01307  3  1.98693 428.278 0
 0     874     0.1   0.0191812  0.0191812  1.5365  2.06207  0.364235  1.01307  3  1.98693 428.278 148
 0     874     0.1   0.0191812  0.0191812  1.5365  2.06207  0.364235  1.01307  3  1.98693 428.278 0
 0    1032     0.1   0.0191812  0.0191812  1.5365  2.06207  0.364235  1.01307  3  1.98693 428.278 157
 0    1032     0.1   0.0191812  0.0191812  1.5365  2.06207  0.364235  1.01307  3  1.98693 428.278 0
 0    1198     0.2   0.0191812  0.0191812  1.5365  2.06207  0.364235  1.01307  3  1.98693 428.278 165
 0    1198     0.2   0.0191812  0.0191812  1.5365  2.06207  0.364235  1.01307  3  1.98693 428.278 0
 0    1239     0.2   0.0191812  0.0191812  1.5365  2.06207  0.364235  1.01307  3  1.98693 428.278 40
 0    1239     0.2   0.0191812  0.0191812  1.5365  2.06207  0.364235  1.01307  3  1.98693 428.278 0
 0    1284     0.2   0.0191812  0.0191812  1.5365  2.06207  0.364235  1.01307  3  1.98693 428.278 44
 0    1284     0.2   0.0192212  0.0192212  1.5602  2.05113  0.327119  1.39823  3  1.60177 440.919 0
 0    1563     0.2   0.0192212  0.0192212  1.5602  2.05113  0.327119  1.39823  3  1.60177 440.919 278
 0    1563     0.2   0.0192212  0.0192212  1.5602  2.05113  0.327119  1.39823  3  1.60177 440.919 0
 0    1688     0.2   0.0192212  0.0192212  1.5602  2.05113  0.327119  1.39823  3  1.60177 440.919 124
 0    1688     0.2   0.0192212  0.0192212  1.5602  2.05113  0.327119  1.39823  3  1.60177 440.919 0
 0    1691     0.2   0.0192212  0.0192212  1.5602  2.05113  0.327119  1.39823  3  1.60177 440.919 2
 0    1691     0.2   0.0192212  0.0192212  1.5602  2.05113  0.327119  1.39823  3  1.60177 440.919 0
 0    1831     0.2   0.0192212  0.0192212  1.5602  2.05113  0.327119  1.39823  3  1.60177 440.919 139
 0    1831     0.2   0.0192212  0.0192212  1.5602  2.05113  0.327119  1.39823  3  1.60177 440.919 0
 0    2073     0.3   0.0192212  0.0192212  1.5602  2.05113  0.327119  1.39823  3  1.60177 440.919 241
 0    2073     0.3   0.0192212  0.0192212  1.5602  2.05113  0.327119  1.39823  3  1.60177 440.919 0
 0    2180     0.3   0.0192212  0.0192212  1.5602  2.05113  0.327119  1.39823  3  1.60177 440.919 106
 0    2180     0.3   0.0192212  0.0192212  1.5602  2.05113  0.327119  1.39823  3  1.60177 440.919 0
 0    2186     0.3   0.0192212  0.0192212  1.5602  2.05113  0.327119  1.39823  3  1.60177 440.919 5
 0    2186     0.3   0.0192212  0.0192212  1.5602  2.05113  0.327119  1.39823  3  1.60177 440.919 0
 0    2533     0.3   0.0192212  0.0192212  1.5602  2.05113  0.327119  1.39823  3  1.60177 440.919 346
 0    2533     0.3   0.0192558  0.0192558  1.5483  2.05269  0.320868  1.28527  3  1.71473 440.28 0
 0    2556     0.3   0.0192558  0.0192558  1.5483  2.05269  0.320868  1.28527  3  1.71473 440.28 22
 0    2556     0.3   0.0192558  0.0192558  1.5483  2.05269  0.320868  1.28527  3  1.71473 440.28 0
 0    3104     0.4   0.0192558  0.0192558  1.5483  2.05269  0.320868  1.28527  3  1.71473 440.28 547
 0    3104     0.4   0.0192558  0.0192558  1.5483  2.05269  0.320868  1.28527  3  1.71473 440.28 0
 0    3168     0.4   0.0192558  0.0192558  1.5483  2.05269  0.320868  1.28527  3  1.71473 440.28 63
 0    3168     0.4   0.0192558  0.0192558  1.5483  2.05269  0.320868  1.28527  3  1.71473 440.28 0
 0    3833     0.5   0.0192558  0.0192558  1.5483  2.05269  0.320868  1.28527  3  1.71473 440.28 663
 0    3833     0.5   0.0192558  0.0192558  1.5483  2.05269  0.320868  1.28527  3  1.71473 440.28 0
 0    4038     0.5   0.0192558  0.0192558  1.5483  2.05269  0.320868  1.28527  3  1.71473 440.28 204
 0    4038     0.5   0.0192558  0.0192558  1.5483  2.05269  0.320868  1.28527  3  1.71473 440.28 0
 0    4620     0.6   0.0192558  0.0192558  1.5483  2.05269  0.320868  1.28527  3  1.71473 440.28 580
 0    4620     0.6   0.0192558  0.0192558  1.5483  2.05269  0.320868  1.28527  3  1.71473 440.28 0
 0    4663     0.6   0.0192558  0.0192558  1.5483  2.05269  0.320868  1.28527  3  1.71473 440.28 42
 0    4663     0.6   0.0192558  0.0192558  1.5483  2.05269  0.320868  1.28527  3  1.71473 440.28 0
 0    4789     0.6   0.0192558  0.0192558  1.5483  2.05269  0.320868  1.28527  3  1.71473 440.28 125
 0    4789     0.6   0.0192558  0.0192558  1.5483  2.05269  0.320868  1.28527  3  1.71473 440.28 0
 0    5194     0.7   0.0192558  0.0192558  1.5483  2.05269  0.320868  1.28527  3  1.71473 440.28 403
 0    5194     0.7   0.0192558  0.0192558  1.5483  2.05269  0.320868  1.28527  3  1.71473 440.28 0
 0    5607     0.7   0.0192558  0.0192558  1.5483  2.05269  0.320868  1.28527  3  1.71473 440.28 412
 0    5607     0.7   0.0192558  0.0192558  1.5483  2.05269  0.320868  1.28527  3  1.71473 440.28 0
 0    6166     0.8   0.0192558  0.0192558  1.5483  2.05269  0.320868  1.28527  3  1.71473 440.28 558
 0    6166     0.8   0.0193261  0.0193261  1.5483  2.05164  0.287676  1.41134  2.61721  1.20587 433.28 0
 0    7179     0.9   0.0193261  0.0193261  1.5483  2.05164  0.287676  1.41134  2.61721  1.20587 433.28 1012
 0    7179     0.9   0.0193261  0.0193261  1.5483  2.05164  0.287676  1.41134  2.61721  1.20587 433.28 0
 0    7386     0.9   0.0193261  0.0193261  1.5483  2.05164  0.287676  1.41134  2.61721  1.20587 433.28 206
 0    7386     0.9   0.0193261  0.0193261  1.5483  2.05164  0.287676  1.41134  2.61721  1.20587 433.28 0
 0    7954     1.0   0.0193261  0.0193261  1.5483  2.05164  0.287676  1.41134  2.61721  1.20587 433.28 567
 0    7954     1.0   0.0193261  0.0193261  1.5483  2.05164  0.287676  1.41134  2.61721  1.20587 433.28 0
 0    8158     1.0   0.0193261  0.0193261  1.5483  2.05164  0.287676  1.41134  2.61721  1.20587 433.28 203
 0    8158     1.0   0.0193261  0.0193261  1.5483  2.05164  0.287676  1.41134  2.61721  1.20587 433.28 0
 0    8401     1.1   0.0193261  0.0193261  1.5483  2.05164  0.287676  1.41134  2.61721  1.20587 433.28 242
 0    8401     1.1   0.0193261  0.0193261  1.5483  2.05164  0.287676  1.41134  2.61721  1.20587 433.28 0
 0    9409     1.2   0.0193261  0.0193261  1.5483  2.05164  0.287676  1.41134  2.61721  1.20587 433.28 1007
 0    9409     1.2   0.0193261  0.0193261  1.5483  2.05164  0.287676  1.41134  2.61721  1.20587 433.28 0
 0    9719     1.2   0.0193261  0.0193261  1.5483  2.05164  0.287676  1.41134  2.61721  1.20587 433.28 309
 0    9719     1.2   0.0193261  0.0193261  1.5483  2.05164  0.287676  1.41134  2.61721  1.20587 433.28 0
 0   11107     1.4   0.0193261  0.0193261  1.5483  2.05164  0.287676  1.41134  2.61721  1.20587 433.28 1387
 0   11107     1.4   0.0193261  0.0193261  1.5483  2.05164  0.287676  1.41134  2.61721  1.20587 433.28 0
 0   12225     1.6   0.0193261  0.0193261  1.5483  2.05164  0.287676  1.41134  2.61721  1.20587 433.28 1117
 0   12225     1.6   0.0193572  0.0193572  1.5602  2.05321  0.279357  1.32116  2.61782  1.29666 442.841 0
 0   12536     1.6   0.0193572  0.0193572  1.5602  2.05321  0.279357  1.32116  2.61782  1.29666 442.841 310
 0   12536     1.6   0.0193572  0.0193572  1.5602  2.05321  0.279357  1.32116  2.61782  1.29666 442.841 0
 0   13587     1.8   0.0193572  0.0193572  1.5602  2.05321  0.279357  1.32116  2.61782  1.29666 442.841 1050
 0   13587     1.8   0.0196247  0.0196247  1.5365  2.0984  0.350017  1.48464  3  1.51536 436.658 0
 0   14997     1.9   0.0196247  0.0196247  1.5365  2.0984  0.350017  1.48464  3  1.51536 436.658 1409
 0   14997     1.9   0.0196247  0.0196247  1.5365  2.0984  0.350017  1.48464  3  1.51536 436.658 0
 0   15181     1.9   0.0196247  0.0196247  1.5365  2.0984  0.350017  1.48464  3  1.51536 436.658 183
 0   15181     1.9   0.0196247  0.0196247  1.5365  2.0984  0.350017  1.48464  3  1.51536 436.658 0
 0   18925     2.4   0.0196247  0.0196247  1.5365  2.0984  0.350017  1.48464  3  1.51536 436.658 3743
 0   18925     2.4   0.0196247  0.0196247  1.5365  2.0984  0.350017  1.48464  3  1.51536 436.658 0
 0   19624     2.5   0.0196247  0.0196247  1.5365  2.0984  0.350017  1.48464  3  1.51536 436.658 697
 0   19624     2.5   0.0196247  0.0196247  1.5365  2.0984  0.350017  1.48464  3  1.51536 436.658 0
 0   20038     2.6   0.0196247  0.0196247  1.5365  2.0984  0.350017  1.48464  3  1.51536 436.658 413
 0   20038     2.6   0.0196247  0.0196247  1.5365  2.0984  0.350017  1.48464  3  1.51536 436.658 0
 0   21177     2.7   0.0196247  0.0196247  1.5365  2.0984  0.350017  1.48464  3  1.51536 436.658 1138
 0   21177     2.7   0.0196247  0.0196247  1.5365  2.0984  0.350017  1.48464  3  1.51536 436.658 0
 0   25015     3.2   0.0196247  0.0196247  1.5365  2.0984  0.350017  1.48464  3  1.51536 436.658 3837
 0   25015     3.2   0.0196247  0.0196247  1.5365  2.0984  0.350017  1.48464  3  1.51536 436.658 0
 0   25779     3.3   0.0196247  0.0196247  1.5365  2.0984  0.350017  1.48464  3  1.51536 436.658 762
 0   25779     3.3   0.0196247  0.0196247  1.5365  2.0984  0.350017  1.48464  3  1.51536 436.658 0
 0   26088     3.3   0.0196247  0.0196247  1.5365  2.0984  0.350017  1.48464  3  1.51536 436.658 308
 0   26088     3.3   0.0196247  0.0196247  1.5365  2.0984  0.350017  1.48464  3  1.51536 436.658 0
 0   27258     3.5   0.0196247  0.0196247  1.5365  2.0984  0.350017  1.48464  3  1.51536 436.658 1169
 0   27258     3.5   0.0196247  0.0196247  1.5365  2.0984  0.350017  1.48464  3  1.51536 436.658 0
 1   28908     3.7   0.0196247  0.0196247  1.5365  2.0984  0.350017  1.48464  3  1.51536 436.658 1649
 1   28908     3.7   0.0196247  0.0196247  1.5365  2.0984  0.350017  1.48464  3  1.51536 436.658 0
 1   29304     3.8   0.0196247  0.0196247  1.5365  2.0984  0.350017  1.48464  3  1.51536 436.658 395
 1   29304     3.8   0.0196247  0.0196247  1.5365  2.0984  0.350017  1.48464  3  1.51536 436.658 0
 1   31727     4.1   0.0196247  0.0196247  1.5365  2.0984  0.350017  1.48464  3  1.51536 436.658 2422
 1   31727     4.1   0.0196247  0.0196247  1.5365  2.0984  0.350017  1.48464  3  1.51536 436.658 0
 1   34033     4.4   0.0196247  0.0196247  1.5365  2.0984  0.350017  1.48464  3  1.51536 436.658 2304
 1   34033     4.4   0.0196247  0.0196247  1.5365  2.0984  0.350017  1.48464  3  1.51536 436.658 0
 1   37179     4.8   0.0196247  0.0196247  1.5365  2.0984  0.350017  1.48464  3  1.51536 436.658 3145
 1   37179     4.8   0.0196247  0.0196247  1.5365  2.0984  0.350017  1.48464  3  1.51536 436.658 0
 1   47737     6.1   0.0196247  0.0196247  1.5365  2.0984  0.350017  1.48464  3  1.51536 436.658 10556
 1   47737     6.1   0.0196247  0.0196247  1.5365  2.0984  0.350017  1.48464  3  1.51536 436.658 0
 1   49112     6.3   0.0196247  0.0196247  1.5365  2.0984  0.350017  1.48464  3  1.51536 436.658 1374
 1   49112     6.3   0.0196247  0.0196247  1.5365  2.0984  0.350017  1.48464  3  1.51536 436.658 0
 1   50519     6.5   0.0196247  0.0196247  1.5365  2.0984  0.350017  1.48464  3  1.51536 436.658 1406
 1   50519     6.5   0.0196247  0.0196247  1.5365  2.0984  0.350017  1.48464  3  1.51536 436.658 0
 1   70391     9.0   0.0196247  0.0196247  1.5365  2.0984  0.350017  1.48464  3  1.51536 436.658 19870
 1   70391     9.0   0.0196247  0.0196247  1.5365  2.0984  0.350017  1.48464  3  1.51536 436.658 0
 1   72201     9.2   0.0196247  0.0196247  1.5365  2.0984  0.350017  1.48464  3  1.51536 436.658 1809
 1   72201     9.2   0.0196247  0.0196247  1.5365  2.0984  0.350017  1.48464  3  1.51536 436.658 0
 1   80662    10.3   0.0196247  0.0196247  1.5365  2.0984  0.350017  1.48464  3  1.51536 436.658 8459
 1   80662    10.3   0.0196247  0.0196247  1.5365  2.0984  0.350017  1.48464  3  1.51536 436.658 0
 2   86671    11.1   0.0196247  0.0196247  1.5365  2.0984  0.350017  1.48464  3  1.51536 436.658 6007
 2   86671    11.1   0.0196247  0.0196247  1.5365  2.0984  0.350017  1.48464  3  1.51536 436.658 0
 2   94502    12.1   0.0196247  0.0196247  1.5365  2.0984  0.350017  1.48464  3  1.51536 436.658 7829
 2   94502    12.1   0.0196247  0.0196247  1.5365  2.0984  0.350017  1.48464  3  1.51536 436.658 0
 2   96640    12.4   0.0196247  0.0196247  1.5365  2.0984  0.350017  1.48464  3  1.51536 436.658 2137
 2   96640    12.4   0.0196247  0.0196247  1.5365  2.0984  0.350017  1.48464  3  1.51536 436.658 0
 2  103901    13.3   0.0196247  0.0196247  1.5365  2.0984  0.350017  1.48464  3  1.51536 436.658 7257
 2  103901    13.3   0.0196247  0.0196247  1.5365  2.0984  0.350017  1.48464  3  1.51536 436.658 0
 2  107384    13.7   0.0196247  0.0196247  1.5365  2.0984  0.350017  1.48464  3  1.51536 436.658 3481
 2  107384    13.7   0.0196247  0.0196247  1.5365  2.0984  0.350017  1.48464  3  1.51536 436.658 0
 2  110349    14.1   0.0196247  0.0196247  1.5365  2.0984  0.350017  1.48464  3  1.51536 436.658 2964
 2  110349    14.1   0.0196247  0.0196247  1.5365  2.0984  0.350017  1.48464  3  1.51536 436.658 0
 2  113630    14.5   0.0196247  0.0196247  1.5365  2.0984  0.350017  1.48464  3  1.51536 436.658 3279
 2  113630    14.5   0.0196247  0.0196247  1.5365  2.0984  0.350017  1.48464  3  1.51536 436.658 0
 2  118758    15.2   0.0196247  0.0196247  1.5365  2.0984  0.350017  1.48464  3  1.51536 436.658 5125
 2  118758    15.2   0.0196247  0.0196247  1.5365  2.0984  0.350017  1.48464  3  1.51536 436.658 0
 2  138994    17.8   0.0196247  0.0196247  1.5365  2.0984  0.350017  1.48464  3  1.51536 436.658 20231
 2  138994    17.8   0.0196247  0.0196247  1.5365  2.0984  0.350017  1.48464  3  1.51536 436.658 0
 3  143346    18.3   0.0196247  0.0196247  1.5365  2.0984  0.350017  1.48464  3  1.51536 436.658 4351
 3  143346    18.3   0.0196247  0.0196247  1.5365  2.0984  0.350017  1.48464  3  1.51536 436.658 0
 3  143719    18.4   0.0196247  0.0196247  1.5365  2.0984  0.350017  1.48464  3  1.51536 436.658 372
 3  143719    18.4   0.0196247  0.0196247  1.5365  2.0984  0.350017  1.48464  3  1.51536 436.658 0
 3  147316    18.8   0.0196247  0.0196247  1.5365  2.0984  0.350017  1.48464  3  1.51536 436.658 3596
 3  147316    18.8   0.0196247  0.0196247  1.5365  2.0984  0.350017  1.48464  3  1.51536 436.658 0
 3  161161    20.6   0.0196247  0.0196247  1.5365  2.0984  0.350017  1.48464  3  1.51536 436.658 13840
 3  161161    20.6   0.0196247  0.0196247  1.5365  2.0984  0.350017  1.48464  3  1.51536 436.658 0
 3  185771    23.8   0.0196247  0.0196247  1.5365  2.0984  0.350017  1.48464  3  1.51536 436.658 24604
 3  185771    23.8   0.0196247  0.0196247  1.5365  2.0984  0.350017  1.48464  3  1.51536 436.658 0
 3  189652    24.2   0.0196247  0.0196247  1.5365  2.0984  0.350017  1.48464  3  1.51536 436.658 3880
 3  189652    24.2   0.0196247  0.0196247  1.5365  2.0984  0.350017  1.48464  3  1.51536 436.658 0
 3  190547    24.4   0.0196247  0.0196247  1.5365  2.0984  0.350017  1.48464  3  1.51536 436.658 893
 3  190547    24.4   0.0197653  0.0197653  1.5602  2.1073  0.326733  1.3035  3  1.6965 433.841 0
 4  199196    25.5   0.0197653  0.0197653  1.5602  2.1073  0.326733  1.3035  3  1.6965 433.841 8645
 4  199196    25.5   0.0197653  0.0197653  1.5602  2.1073  0.326733  1.3035  3  1.6965 433.841 0
 5  272107    34.8   0.0197653  0.0197653  1.5602  2.1073  0.326733  1.3035  3  1.6965 433.841 72906
 5  272107    34.8   0.0197653  0.0197653  1.5602  2.1073  0.326733  1.3035  3  1.6965 433.841 0
 5  273724    35.0   0.0197653  0.0197653  1.5602  2.1073  0.326733  1.3035  3  1.6965 433.841 1616
 5  273724    35.0   0.0197653  0.0197653  1.5602  2.1073  0.326733  1.3035  3  1.6965 433.841 0
 5  276070    35.3   0.0197653  0.0197653  1.5602  2.1073  0.326733  1.3035  3  1.6965 433.841 2345
 5  276070    35.3   0.0197653  0.0197653  1.5602  2.1073  0.326733  1.3035  3  1.6965 433.841 0
 5  281257    36.0   0.0197653  0.0197653  1.5602  2.1073  0.326733  1.3035  3  1.6965 433.841 5186
 5  281257    36.0   0.0197653  0.0197653  1.5602  2.1073  0.326733  1.3035  3  1.6965 433.841 0
 5  298737    38.2   0.0197653  0.0197653  1.5602  2.1073  0.326733  1.3035  3  1.6965 433.841 17478
 5  298737    38.2   0.0197653  0.0197653  1.5602  2.1073  0.326733  1.3035  3  1.6965 433.841 0
 6  330364    42.2   0.0197653  0.0197653  1.5602  2.1073  0.326733  1.3035  3  1.6965 433.841 31619
 6  330364    42.2   0.0197653  0.0197653  1.5602  2.1073  0.326733  1.3035  3  1.6965 433.841 0
 7  372488    47.6   0.0197653  0.0197653  1.5602  2.1073  0.326733  1.3035  3  1.6965 433.841 42120
 7  372488    47.6   0.0197653  0.0197653  1.5602  2.1073  0.326733  1.3035  3  1.6965 433.841 0
 7  376318    48.1   0.0197653  0.0197653  1.5602  2.1073  0.326733  1.3035  3  1.6965 433.841 3828
 7  376318    48.1   0.0198844  0.0198844  1.5483  2.12123  0.344655  1.45814  3  1.54186 435.818 0
 7  399009    51.0   0.0198844  0.0198844  1.5483  2.12123  0.344655  1.45814  3  1.54186 435.818 22688
 7  399009    51.0   0.0198844  0.0198844  1.5483  2.12123  0.344655  1.45814  3  1.54186 435.818 0
 7  401036    51.3   0.0198844  0.0198844  1.5483  2.12123  0.344655  1.45814  3  1.54186 435.818 2026
 7  401036    51.3   0.0198844  0.0198844  1.5483  2.12123  0.344655  1.45814  3  1.54186 435.818 0
 8  448292    57.3   0.0198844  0.0198844  1.5483  2.12123  0.344655  1.45814  3  1.54186 435.818 47252
 8  448292    57.3   0.0198844  0.0198844  1.5483  2.12123  0.344655  1.45814  3  1.54186 435.818 0
 8  457372    58.5   0.0198844  0.0198844  1.5483  2.12123  0.344655  1.45814  3  1.54186 435.818 9079
 8  457372    58.5   0.0198844  0.0198844  1.5483  2.12123  0.344655  1.45814  3  1.54186 435.818 0
10  563666    72.0   0.0198844  0.0198844  1.5483  2.12123  0.344655  1.45814  3  1.54186 435.818 106281
11  612894    78.2   0.0198844  0.0198844  1.5483  2.12123  0.344655  1.45814  3  1.54186 435.818 155500
11  612894    78.2   0.0198844  0.0198844  1.5483  2.12123  0.344655  1.45814  3  1.54186 435.818 0
13  713185    91.0   0.0198844  0.0198844  1.5483  2.12123  0.344655  1.45814  3  1.54186 435.818 100279
13  713185    91.0   0.0198844  0.0198844  1.5483  2.12123  0.344655  1.45814  3  1.54186 435.818 0
13  754145    96.3   0.0198844  0.0198844  1.5483  2.12123  0.344655  1.45814  3  1.54186 435.818 40955
13  754145    96.3   0.0198844  0.0198844  1.5483  2.12123  0.344655  1.45814  3  1.54186 435.818 0
14  774860    98.9   0.0198844  0.0198844  1.5483  2.12123  0.344655  1.45814  3  1.54186 435.818 20710
14  774860    98.9   0.0198844  0.0198844  1.5483  2.12123  0.344655  1.45814  3  1.54186 435.818 0
15  872986   111.5   0.0198844  0.0198844  1.5483  2.12123  0.344655  1.45814  3  1.54186 435.818 98114
15  872986   111.5   0.0198844  0.0198844  1.5483  2.12123  0.344655  1.45814  3  1.54186 435.818 0
16  907713   115.9   0.0198844  0.0198844  1.5483  2.12123  0.344655  1.45814  3  1.54186 435.818 34724
16  907713   115.9   0.0198844  0.0198844  1.5483  2.12123  0.344655  1.45814  3  1.54186 435.818 0
16  919034   117.4   0.0198844  0.0198844  1.5483  2.12123  0.344655  1.45814  3  1.54186 435.818 11319
16  919034   117.4   0.0198844  0.0198844  1.5483  2.12123  0.344655  1.45814  3  1.54186 435.818 0
17  948872   121.2   0.0198844  0.0198844  1.5483  2.12123  0.344655  1.45814  3  1.54186 435.818 29833
17  948872   121.2   0.0198965  0.0198965  1.5720  2.11511  0.315383  1.47984  3  1.52016 436.078 0
18  997542   128.4   0.0198965  0.0198965  1.5720  2.11511  0.315383  1.47984  3  1.52016 436.078 48661
18  997542   128.4   0.0198965  0.0198965  1.5720  2.11511  0.315383  1.47984  3  1.52016 436.078 0
20 1065412   144.0   0.0198965  0.0198965  1.5720  2.11511  0.315383  1.47984  3  1.52016 436.078 67867
21 1108889   153.9   0.0198965  0.0198965  1.5720  2.11511  0.315383  1.47984  3  1.52016 436.078 111338
21 1108889   153.9   0.0198965  0.0198965  1.5720  2.11511  0.315383  1.47984  3  1.52016 436.078 0
25 1227801   180.9   0.0198965  0.0198965  1.5720  2.11511  0.315383  1.47984  3  1.52016 436.078 118903
25 1227801   180.9   0.0198965  0.0198965  1.5720  2.11511  0.315383  1.47984  3  1.52016 436.078 0
28 1314930   200.5   0.0198965  0.0198965  1.5720  2.11511  0.315383  1.47984  3  1.52016 436.078 87116
28 1314930   200.5   0.0198965  0.0198965  1.5720  2.11511  0.315383  1.47984  3  1.52016 436.078 0
30 1393232   216.0   0.0198965  0.0198965  1.5720  2.11511  0.315383  1.47984  3  1.52016 436.078 78296
30 1404015   217.4   0.0198965  0.0198965  1.5720  2.11511  0.315383  1.47984  3  1.52016 436.078 89076
30 1404015   217.4   0.0198965  0.0198965  1.5720  2.11511  0.315383  1.47984  3  1.52016 436.078 0
31 1460915   224.7   0.0198965  0.0198965  1.5720  2.11511  0.315383  1.47984  3  1.52016 436.078 56892
31 1460915   224.7   0.0198965  0.0198965  1.5720  2.11511  0.315383  1.47984  3  1.52016 436.078 0
33 1556673   237.1   0.0198965  0.0198965  1.5720  2.11511  0.315383  1.47984  3  1.52016 436.078 95746
33 1556673   237.1   0.0198965  0.0198965  1.5720  2.11511  0.315383  1.47984  3  1.52016 436.078 0
34 1623301   245.8   0.0198965  0.0198965  1.5720  2.11511  0.315383  1.47984  3  1.52016 436.078 66621
34 1623301   245.8   0.0198965  0.0198965  1.5720  2.11511  0.315383  1.47984  3  1.52016 436.078 0
34 1635122   247.3   0.0198965  0.0198965  1.5720  2.11511  0.315383  1.47984  3  1.52016 436.078 11818
34 1635122   247.3   0.0198965  0.0198965  1.5720  2.11511  0.315383  1.47984  3  1.52016 436.078 0
36 1719379   258.4   0.0198965  0.0198965  1.5720  2.11511  0.315383  1.47984  3  1.52016 436.078 84247
36 1719379   258.4   0.0198965  0.0198965  1.5720  2.11511  0.315383  1.47984  3  1.52016 436.078 0
37 1756489   263.1   0.0198965  0.0198965  1.5720  2.11511  0.315383  1.47984  3  1.52016 436.078 37107
37 1756489   263.1   0.0198965  0.0198965  1.5720  2.11511  0.315383  1.47984  3  1.52016 436.078 0
38 1826189   272.0   0.0198965  0.0198965  1.5720  2.11511  0.315383  1.47984  3  1.52016 436.078 69689
38 1826189   272.0   0.0198965  0.0198965  1.5720  2.11511  0.315383  1.47984  3  1.52016 436.078 0
40 1951457   288.0   0.0198965  0.0198965  1.5720  2.11511  0.315383  1.47984  3  1.52016 436.078 125257
44 2162855   315.1   0.0198965  0.0198965  1.5720  2.11511  0.315383  1.47984  3  1.52016 436.078 336632
44 2162855   315.1   0.0198965  0.0198965  1.5720  2.11511  0.315383  1.47984  3  1.52016 436.078 0
45 2254112   326.7   0.0198965  0.0198965  1.5720  2.11511  0.315383  1.47984  3  1.52016 436.078 91242
45 2254112   326.7   0.0198965  0.0198965  1.5720  2.11511  0.315383  1.47984  3  1.52016 436.078 0
46 2275133   329.4   0.0198965  0.0198965  1.5720  2.11511  0.315383  1.47984  3  1.52016 436.078 21018
46 2275133   329.4   0.0198965  0.0198965  1.5720  2.11511  0.315383  1.47984  3  1.52016 436.078 0
48 2409901   346.7   0.0198965  0.0198965  1.5720  2.11511  0.315383  1.47984  3  1.52016 436.078 134754
48 2409901   346.7   0.0198965  0.0198965  1.5720  2.11511  0.315383  1.47984  3  1.52016 436.078 0
49 2430381   349.3   0.0198965  0.0198965  1.5720  2.11511  0.315383  1.47984  3  1.52016 436.078 20475
49 2430381   349.3   0.0198965  0.0198965  1.5720  2.11511  0.315383  1.47984  3  1.52016 436.078 0
50 2512490   360.0   0.0198965  0.0198965  1.5720  2.11511  0.315383  1.47984  3  1.52016 436.078 82103
54 2705588   385.5   0.0198965  0.0198965  1.5720  2.11511  0.315383  1.47984  3  1.52016 436.078 275182
54 2705588   385.5   0.0198965  0.0198965  1.5720  2.11511  0.315383  1.47984  3  1.52016 436.078 0
56 2868270   406.6   0.0198965  0.0198965  1.5720  2.11511  0.315383  1.47984  3  1.52016 436.078 162663
56 2868270   406.6   0.0198965  0.0198965  1.5720  2.11511  0.315383  1.47984  3  1.52016 436.078 0
60 3060094   432.0   0.0198965  0.0198965  1.5720  2.11511  0.315383  1.47984  3  1.52016 436.078 191811
60 3072940   433.7   0.0198965  0.0198965  1.5720  2.11511  0.315383  1.47984  3  1.52016 436.078 204655
60 3072940   433.7   0.0198965  0.0198965  1.5720  2.11511  0.315383  1.47984  3  1.52016 436.078 0
70 3591549   500.8   0.0198965  0.0198965  1.5720  2.11511  0.315383  1.47984  3  1.52016 436.078 518552
70 3591549   500.8   0.0198965  0.0198965  1.5720  2.11511  0.315383  1.47984  3  1.52016 436.078 0
70 3614459   504.1   0.0198965  0.0198965  1.5720  2.11511  0.315383  1.47984  3  1.52016 436.078 22909
71 3691029   514.3   0.0198965  0.0198965  1.5720  2.11511  0.315383  1.47984  3  1.52016 436.078 99467
71 3691029   514.3   0.0198965  0.0198965  1.5720  2.11511  0.315383  1.47984  3  1.52016 436.078 0
72 3741012   521.3   0.0198965  0.0198965  1.5720  2.11511  0.315383  1.47984  3  1.52016 436.078 49981
72 3741012   521.3   0.0198965  0.0198965  1.5720  2.11511  0.315383  1.47984  3  1.52016 436.078 0
75 3858183   537.6   0.0198965  0.0198965  1.5720  2.11511  0.315383  1.47984  3  1.52016 436.078 117156
75 3858183   537.6   0.0198965  0.0198965  1.5720  2.11511  0.315383  1.47984  3  1.52016 436.078 0
75 3868876   539.1   0.0198965  0.0198965  1.5720  2.11511  0.315383  1.47984  3  1.52016 436.078 10691
75 3868876   539.1   0.0198965  0.0198965  1.5720  2.11511  0.315383  1.47984  3  1.52016 436.078 0
80 4140099   576.1   0.0198965  0.0198965  1.5720  2.11511  0.315383  1.47984  3  1.52016 436.078 271193
80 4153804   577.9   0.0198965  0.0198965  1.5720  2.11511  0.315383  1.47984  3  1.52016 436.078 284897
80 4153804   577.9   0.0198965  0.0198965  1.5720  2.11511  0.315383  1.47984  3  1.52016 436.078 0
82 4227177   588.0   0.0198965  0.0198965  1.5720  2.11511  0.315383  1.47984  3  1.52016 436.078 73359
82 4227177   588.0   0.0198965  0.0198965  1.5720  2.11511  0.315383  1.47984  3  1.52016 436.078 0
87 4500898   624.8   0.0198965  0.0198965  1.5720  2.11511  0.315383  1.47984  3  1.52016 436.078 273689
87 4500898   624.8   0.0198965  0.0198965  1.5720  2.11511  0.315383  1.47984  3  1.52016 436.078 0
87 4532246   628.8   0.0198965  0.0198965  1.5720  2.11511  0.315383  1.47984  3  1.52016 436.078 31344
87 4532246   628.8   0.0198965  0.0198965  1.5720  2.11511  0.315383  1.47984  3  1.52016 436.078 0
90 4682158   648.1   0.0198965  0.0198965  1.5720  2.11511  0.315383  1.47984  3  1.52016 436.078 149902
100 5239466   720.0   0.0198965  0.0198965  1.5720  2.11511  0.315383  1.47984  3  1.52016 436.078 707148
EndUpdateLog

Done
