optseq2
7.3.2
NoSearch  = 0
tSearch  = 2 hours
nKeep    = 1
PctUpdate  = 10.000000
nCB1Opt  = 0
seed     = 279326
Ntp  = 200
TR   = 1.6
TPreScan   = 0
PSD Window   = 0 12.8 1.6
nEvTypes = 13
EvNo    Label Duration nRepsNom
 1      dur_0  4.800    3
 2      dur_2  4.800    3
 3      dur_4  4.800    3
 4      dur_8  4.800    3
 5     dur_16  4.800    3
 6     dur_32  4.800    3
 7     dur_64  4.800    3
 8      isi_2  4.800    3
 9      isi_4  4.800    3
10      isi_8  4.800    3
11     isi_16  4.800    3
12     isi_32  4.800    3
13     isi_64  4.800    3
PctVarEvReps = 0
VarEvRepsPerCond = 0
PolyOrder = -1
tNullMax = -1
tNullMin = 0
AR1 = 0
No refractory penalty
Cost = eff
OutStem = tr-200_min-3_tsearch-2
Summary File = tr-200_min-3_tsearch-2.sum

Pct nSrch MinSrch Cost Eff Cb1Err VRFAvg VRFStd VRFMin VRFMax VRFRange nSince

BeginUpdateLog
 0       1     0.0   0.0170113  0.0170113  1.5365  1.85016  0.383301  1.02963  2.625  1.59537 479.783 0
 0       2     0.0   0.0170113  0.0170113  1.5365  1.85016  0.383301  1.02963  2.625  1.59537 479.783 0
 0       2     0.0   0.0170833  0.0170833  1.5483  1.87511  0.410373  0.905708  2.61788  1.71217 474.583 0
 0       3     0.0   0.0170833  0.0170833  1.5483  1.87511  0.410373  0.905708  2.61788  1.71217 474.583 0
 0       3     0.0   0.0174857  0.0174857  1.5483  1.8912  0.373945  1.02524  2.61607  1.59083 452.399 0
 0       5     0.0   0.0174857  0.0174857  1.5483  1.8912  0.373945  1.02524  2.61607  1.59083 452.399 1
 0       5     0.0   0.0181767  0.0181767  1.5483  1.95658  0.361714  1.32344  2.61615  1.29271 457.021 0
 0      19     0.0   0.0181767  0.0181767  1.5483  1.95658  0.361714  1.32344  2.61615  1.29271 457.021 13
 0      19     0.0   0.018883  0.018883  1.5365  2.02149  0.355858  1.39239  3  1.60761 439.9 0
 0     203     0.0   0.018883  0.018883  1.5365  2.02149  0.355858  1.39239  3  1.60761 439.9 183
 0     203     0.0   0.0192965  0.0192965  1.5483  2.06006  0.330732  1.41313  3  1.58687 442.119 0
 0    3713     0.5   0.0192965  0.0192965  1.5483  2.06006  0.330732  1.41313  3  1.58687 442.119 3509
 0    3713     0.5   0.0196756  0.0196756  1.5365  2.07964  0.256785  1.47158  2.61803  1.14645 433.559 0
 2   21770     2.8   0.0196756  0.0196756  1.5365  2.07964  0.256785  1.47158  2.61803  1.14645 433.559 18052
 2   21770     2.8   0.019885  0.019885  1.5365  2.1172  0.300009  1.06672  2.61803  1.55131 427.559 0
10   94287    12.0   0.019885  0.019885  1.5365  2.1172  0.300009  1.06672  2.61803  1.55131 427.559 72507
20  186973    24.0   0.019885  0.019885  1.5365  2.1172  0.300009  1.06672  2.61803  1.55131 427.559 165182
30  279856    36.1   0.019885  0.019885  1.5365  2.1172  0.300009  1.06672  2.61803  1.55131 427.559 258050
40  372725    48.1   0.019885  0.019885  1.5365  2.1172  0.300009  1.06672  2.61803  1.55131 427.559 350911
50  465368    60.1   0.019885  0.019885  1.5365  2.1172  0.300009  1.06672  2.61803  1.55131 427.559 443546
60  558529    72.1   0.019885  0.019885  1.5365  2.1172  0.300009  1.06672  2.61803  1.55131 427.559 536693
70  651445    84.1   0.019885  0.019885  1.5365  2.1172  0.300009  1.06672  2.61803  1.55131 427.559 629597
80  744200    96.1   0.019885  0.019885  1.5365  2.1172  0.300009  1.06672  2.61803  1.55131 427.559 722341
90  837079   108.1   0.019885  0.019885  1.5365  2.1172  0.300009  1.06672  2.61803  1.55131 427.559 815208
100  928956   120.0   0.019885  0.019885  1.5365  2.1172  0.300009  1.06672  2.61803  1.55131 427.559 907073
EndUpdateLog

Done
